<?xml version="1.0" encoding="UTF-8"?>
<!-- Generated by org.testng.reporters.JUnitXMLReporter -->
<testsuite hostname="sasi-HP" name="Login Page Test" tests="3" failures="0" timestamp="27 Jul 2020 08:17:35 GMT" time="20.981" errors="0">
  <testcase name="verifyPageTitle" time="7.424" classname="com.qa.hubspot.tests.LoginPageTest"/>
  <testcase name="verifySignUpLink" time="0.089" classname="com.qa.hubspot.tests.LoginPageTest"/>
  <testcase name="loginTest" time="4.135" classname="com.qa.hubspot.tests.LoginPageTest"/>
</testsuite> <!-- Login Page Test -->
